TN:
SF:src\projet.controller\auth.controller.ts
FN:9,(anonymous_0)
FNF:1
FNH:1
FNDA:6,(anonymous_0)
DA:7,1
DA:10,6
DA:12,6
DA:13,2
DA:14,2
DA:17,4
DA:18,4
DA:20,3
DA:21,1
DA:22,1
DA:25,2
DA:26,2
DA:27,1
DA:28,1
DA:31,1
DA:37,1
DA:39,1
LF:17
LH:17
BRDA:12,0,0,2
BRDA:12,0,1,4
BRDA:12,1,0,6
BRDA:12,1,1,5
BRDA:20,2,0,1
BRDA:20,2,1,2
BRDA:20,3,0,3
BRDA:20,3,1,2
BRDA:26,4,0,1
BRDA:26,4,1,1
BRF:10
BRH:10
end_of_record
TN:
SF:src\projet.controller\projet.controller.ts
FN:8,(anonymous_0)
FN:46,(anonymous_1)
FN:70,(anonymous_2)
FN:80,(anonymous_3)
FN:91,(anonymous_4)
FN:100,(anonymous_5)
FNF:6
FNH:6
FNDA:1,(anonymous_0)
FNDA:2,(anonymous_1)
FNDA:2,(anonymous_2)
FNDA:2,(anonymous_3)
FNDA:2,(anonymous_4)
FNDA:2,(anonymous_5)
DA:8,10
DA:9,1
DA:12,1
DA:13,1
DA:14,1
DA:16,0
DA:18,1
DA:20,1
DA:21,1
DA:23,1
DA:24,0
DA:25,0
DA:27,0
DA:33,0
DA:34,0
DA:35,0
DA:37,1
DA:38,1
DA:39,1
DA:40,1
DA:44,10
DA:47,2
DA:49,2
DA:50,1
DA:53,1
DA:54,1
DA:60,1
DA:61,1
DA:63,1
DA:65,0
DA:71,2
DA:72,2
DA:73,1
DA:75,1
DA:81,2
DA:82,2
DA:83,2
DA:84,1
DA:86,1
DA:92,2
DA:93,2
DA:94,1
DA:96,1
DA:101,2
DA:102,2
DA:105,1
DA:107,1
LF:47
LH:39
BRDA:9,0,0,0
BRDA:9,0,1,1
BRDA:23,1,0,0
BRDA:23,1,1,1
BRDA:30,2,0,0
BRDA:30,2,1,0
BRDA:49,3,0,1
BRDA:49,3,1,1
BRF:8
BRH:4
end_of_record
